Analysis & Synthesis report for labproject
Mon Apr 10 20:54:05 2023
Quartus Prime Version 22.1std.0 Build 915 10/25/2022 SC Lite Edition


---------------------
; Table of Contents ;
---------------------
  1. Legal Notice
  2. Analysis & Synthesis Summary
  3. Analysis & Synthesis Settings
  4. Parallel Compilation
  5. Analysis & Synthesis Source Files Read
  6. Analysis & Synthesis Resource Usage Summary
  7. Analysis & Synthesis Resource Utilization by Entity
  8. Registers Removed During Synthesis
  9. General Register Statistics
 10. Inverted Register Statistics
 11. Multiplexer Restructuring Statistics (Restructuring Performed)
 12. Parameter Settings for User Entity Instance: pll:pll0|altpll:altpll_component
 13. Parameter Settings for User Entity Instance: motortest:motortest_0
 14. altpll Parameter Settings by Entity Instance
 15. Post-Synthesis Netlist Statistics for Top Partition
 16. Elapsed Time Per Partition
 17. Analysis & Synthesis Messages
 18. Analysis & Synthesis Suppressed Messages



----------------
; Legal Notice ;
----------------
Copyright (C) 2022  Intel Corporation. All rights reserved.
Your use of Intel Corporation's design tools, logic functions 
and other software and tools, and any partner logic 
functions, and any output files from any of the foregoing 
(including device programming or simulation files), and any 
associated documentation or information are expressly subject 
to the terms and conditions of the Intel Program License 
Subscription Agreement, the Intel Quartus Prime License Agreement,
the Intel FPGA IP License Agreement, or other applicable license
agreement, including, without limitation, that your use is for
the sole purpose of programming logic devices manufactured by
Intel and sold by Intel or its authorized distributors.  Please
refer to the applicable agreement for further details, at
https://fpgasoftware.intel.com/eula.



+----------------------------------------------------------------------------------+
; Analysis & Synthesis Summary                                                     ;
+---------------------------------+------------------------------------------------+
; Analysis & Synthesis Status     ; Successful - Mon Apr 10 20:54:05 2023          ;
; Quartus Prime Version           ; 22.1std.0 Build 915 10/25/2022 SC Lite Edition ;
; Revision Name                   ; labproject                                     ;
; Top-level Entity Name           ; labproject                                     ;
; Family                          ; Cyclone V                                      ;
; Logic utilization (in ALMs)     ; N/A                                            ;
; Total registers                 ; 66                                             ;
; Total pins                      ; 47                                             ;
; Total virtual pins              ; 0                                              ;
; Total block memory bits         ; 0                                              ;
; Total DSP Blocks                ; 0                                              ;
; Total HSSI RX PCSs              ; 0                                              ;
; Total HSSI PMA RX Deserializers ; 0                                              ;
; Total HSSI TX PCSs              ; 0                                              ;
; Total HSSI PMA TX Serializers   ; 0                                              ;
; Total PLLs                      ; 1                                              ;
; Total DLLs                      ; 0                                              ;
+---------------------------------+------------------------------------------------+


+---------------------------------------------------------------------------------------------------------------------------+
; Analysis & Synthesis Settings                                                                                             ;
+---------------------------------------------------------------------------------+--------------------+--------------------+
; Option                                                                          ; Setting            ; Default Value      ;
+---------------------------------------------------------------------------------+--------------------+--------------------+
; Device                                                                          ; 5CSEMA4U23C6       ;                    ;
; Top-level entity name                                                           ; labproject         ; labproject         ;
; Family name                                                                     ; Cyclone V          ; Cyclone V          ;
; Use smart compilation                                                           ; Off                ; Off                ;
; Enable parallel Assembler and Timing Analyzer during compilation                ; On                 ; On                 ;
; Enable compact report table                                                     ; Off                ; Off                ;
; Restructure Multiplexers                                                        ; Auto               ; Auto               ;
; MLAB Add Timing Constraints For Mixed-Port Feed-Through Mode Setting Don't Care ; Off                ; Off                ;
; Create Debugging Nodes for IP Cores                                             ; Off                ; Off                ;
; Preserve fewer node names                                                       ; On                 ; On                 ;
; Intel FPGA IP Evaluation Mode                                                   ; Enable             ; Enable             ;
; Verilog Version                                                                 ; Verilog_2001       ; Verilog_2001       ;
; VHDL Version                                                                    ; VHDL_1993          ; VHDL_1993          ;
; State Machine Processing                                                        ; Auto               ; Auto               ;
; Safe State Machine                                                              ; Off                ; Off                ;
; Extract Verilog State Machines                                                  ; On                 ; On                 ;
; Extract VHDL State Machines                                                     ; On                 ; On                 ;
; Ignore Verilog initial constructs                                               ; Off                ; Off                ;
; Iteration limit for constant Verilog loops                                      ; 5000               ; 5000               ;
; Iteration limit for non-constant Verilog loops                                  ; 250                ; 250                ;
; Add Pass-Through Logic to Inferred RAMs                                         ; On                 ; On                 ;
; Infer RAMs from Raw Logic                                                       ; On                 ; On                 ;
; Parallel Synthesis                                                              ; On                 ; On                 ;
; DSP Block Balancing                                                             ; Auto               ; Auto               ;
; NOT Gate Push-Back                                                              ; On                 ; On                 ;
; Power-Up Don't Care                                                             ; On                 ; On                 ;
; Remove Redundant Logic Cells                                                    ; Off                ; Off                ;
; Remove Duplicate Registers                                                      ; On                 ; On                 ;
; Ignore CARRY Buffers                                                            ; Off                ; Off                ;
; Ignore CASCADE Buffers                                                          ; Off                ; Off                ;
; Ignore GLOBAL Buffers                                                           ; Off                ; Off                ;
; Ignore ROW GLOBAL Buffers                                                       ; Off                ; Off                ;
; Ignore LCELL Buffers                                                            ; Off                ; Off                ;
; Ignore SOFT Buffers                                                             ; On                 ; On                 ;
; Limit AHDL Integers to 32 Bits                                                  ; Off                ; Off                ;
; Optimization Technique                                                          ; Balanced           ; Balanced           ;
; Carry Chain Length                                                              ; 70                 ; 70                 ;
; Auto Carry Chains                                                               ; On                 ; On                 ;
; Auto Open-Drain Pins                                                            ; On                 ; On                 ;
; Perform WYSIWYG Primitive Resynthesis                                           ; Off                ; Off                ;
; Auto ROM Replacement                                                            ; On                 ; On                 ;
; Auto RAM Replacement                                                            ; On                 ; On                 ;
; Auto DSP Block Replacement                                                      ; On                 ; On                 ;
; Auto Shift Register Replacement                                                 ; Auto               ; Auto               ;
; Allow Shift Register Merging across Hierarchies                                 ; Auto               ; Auto               ;
; Auto Clock Enable Replacement                                                   ; On                 ; On                 ;
; Strict RAM Replacement                                                          ; Off                ; Off                ;
; Allow Synchronous Control Signals                                               ; On                 ; On                 ;
; Force Use of Synchronous Clear Signals                                          ; Off                ; Off                ;
; Auto Resource Sharing                                                           ; Off                ; Off                ;
; Allow Any RAM Size For Recognition                                              ; Off                ; Off                ;
; Allow Any ROM Size For Recognition                                              ; Off                ; Off                ;
; Allow Any Shift Register Size For Recognition                                   ; Off                ; Off                ;
; Use LogicLock Constraints during Resource Balancing                             ; On                 ; On                 ;
; Ignore translate_off and synthesis_off directives                               ; Off                ; Off                ;
; Timing-Driven Synthesis                                                         ; On                 ; On                 ;
; Report Parameter Settings                                                       ; On                 ; On                 ;
; Report Source Assignments                                                       ; On                 ; On                 ;
; Report Connectivity Checks                                                      ; On                 ; On                 ;
; Ignore Maximum Fan-Out Assignments                                              ; Off                ; Off                ;
; Synchronization Register Chain Length                                           ; 3                  ; 3                  ;
; Power Optimization During Synthesis                                             ; Normal compilation ; Normal compilation ;
; HDL message level                                                               ; Level2             ; Level2             ;
; Suppress Register Optimization Related Messages                                 ; Off                ; Off                ;
; Number of Removed Registers Reported in Synthesis Report                        ; 5000               ; 5000               ;
; Number of Swept Nodes Reported in Synthesis Report                              ; 5000               ; 5000               ;
; Number of Inverted Registers Reported in Synthesis Report                       ; 100                ; 100                ;
; Clock MUX Protection                                                            ; On                 ; On                 ;
; Auto Gated Clock Conversion                                                     ; Off                ; Off                ;
; Block Design Naming                                                             ; Auto               ; Auto               ;
; SDC constraint protection                                                       ; Off                ; Off                ;
; Synthesis Effort                                                                ; Auto               ; Auto               ;
; Shift Register Replacement - Allow Asynchronous Clear Signal                    ; On                 ; On                 ;
; Pre-Mapping Resynthesis Optimization                                            ; Off                ; Off                ;
; Analysis & Synthesis Message Level                                              ; Medium             ; Medium             ;
; Disable Register Merging Across Hierarchies                                     ; Auto               ; Auto               ;
; Resource Aware Inference For Block RAM                                          ; On                 ; On                 ;
; Automatic Parallel Synthesis                                                    ; On                 ; On                 ;
; Partial Reconfiguration Bitstream ID                                            ; Off                ; Off                ;
+---------------------------------------------------------------------------------+--------------------+--------------------+


+------------------------------------------+
; Parallel Compilation                     ;
+----------------------------+-------------+
; Processors                 ; Number      ;
+----------------------------+-------------+
; Number detected on machine ; 8           ;
; Maximum allowed            ; 4           ;
;                            ;             ;
; Average used               ; 1.00        ;
; Maximum used               ; 4           ;
;                            ;             ;
; Usage by Processor         ; % Time Used ;
;     Processor 1            ; 100.0%      ;
;     Processors 2-4         ;   0.0%      ;
+----------------------------+-------------+


+----------------------------------------------------------------------------------------------------------------------------------------------------------------------------------------------------------------------------------------+
; Analysis & Synthesis Source Files Read                                                                                                                                                                                                 ;
+----------------------------------+-----------------+------------------------------+------------------------------------------------------------------------------------------------------------------------------------------+---------+
; File Name with User-Entered Path ; Used in Netlist ; File Type                    ; File Name with Absolute Path                                                                                                             ; Library ;
+----------------------------------+-----------------+------------------------------+------------------------------------------------------------------------------------------------------------------------------------------+---------+
; kpdecode.sv                      ; yes             ; User SystemVerilog HDL File  ; D:/Documents/Electrical Egneinerineign/thchool/Year 3/Term 2/Digital System Design_robert/Labs/labproject/WIRECUTTER/kpdecode.sv         ;         ;
; colseq.sv                        ; yes             ; User SystemVerilog HDL File  ; D:/Documents/Electrical Egneinerineign/thchool/Year 3/Term 2/Digital System Design_robert/Labs/labproject/WIRECUTTER/colseq.sv           ;         ;
; labproject.sv                    ; yes             ; User SystemVerilog HDL File  ; D:/Documents/Electrical Egneinerineign/thchool/Year 3/Term 2/Digital System Design_robert/Labs/labproject/WIRECUTTER/labproject.sv       ;         ;
; motortest.sv                     ; yes             ; User SystemVerilog HDL File  ; D:/Documents/Electrical Egneinerineign/thchool/Year 3/Term 2/Digital System Design_robert/Labs/labproject/WIRECUTTER/motortest.sv        ;         ;
; key2length.sv                    ; yes             ; User SystemVerilog HDL File  ; D:/Documents/Electrical Egneinerineign/thchool/Year 3/Term 2/Digital System Design_robert/Labs/labproject/WIRECUTTER/key2length.sv       ;         ;
; altpll.tdf                       ; yes             ; Megafunction                 ; d:/quartus22.1/quartus/libraries/megafunctions/altpll.tdf                                                                                ;         ;
; aglobal221.inc                   ; yes             ; Megafunction                 ; d:/quartus22.1/quartus/libraries/megafunctions/aglobal221.inc                                                                            ;         ;
; stratix_pll.inc                  ; yes             ; Megafunction                 ; d:/quartus22.1/quartus/libraries/megafunctions/stratix_pll.inc                                                                           ;         ;
; stratixii_pll.inc                ; yes             ; Megafunction                 ; d:/quartus22.1/quartus/libraries/megafunctions/stratixii_pll.inc                                                                         ;         ;
; cycloneii_pll.inc                ; yes             ; Megafunction                 ; d:/quartus22.1/quartus/libraries/megafunctions/cycloneii_pll.inc                                                                         ;         ;
; db/lab1clk_altpll.v              ; yes             ; Auto-Generated Megafunction  ; D:/Documents/Electrical Egneinerineign/thchool/Year 3/Term 2/Digital System Design_robert/Labs/labproject/WIRECUTTER/db/lab1clk_altpll.v ;         ;
+----------------------------------+-----------------+------------------------------+------------------------------------------------------------------------------------------------------------------------------------------+---------+


+------------------------------------------------------------------+
; Analysis & Synthesis Resource Usage Summary                      ;
+---------------------------------------------+--------------------+
; Resource                                    ; Usage              ;
+---------------------------------------------+--------------------+
; Estimate of Logic utilization (ALMs needed) ; 106                ;
;                                             ;                    ;
; Combinational ALUT usage for logic          ; 168                ;
;     -- 7 input functions                    ; 0                  ;
;     -- 6 input functions                    ; 43                 ;
;     -- 5 input functions                    ; 37                 ;
;     -- 4 input functions                    ; 11                 ;
;     -- <=3 input functions                  ; 77                 ;
;                                             ;                    ;
; Dedicated logic registers                   ; 66                 ;
;                                             ;                    ;
; I/O pins                                    ; 47                 ;
;                                             ;                    ;
; Total DSP Blocks                            ; 0                  ;
;                                             ;                    ;
; Total PLLs                                  ; 1                  ;
;     -- PLLs                                 ; 1                  ;
;                                             ;                    ;
; Maximum fan-out node                        ; FPGA_CLK1_50~input ;
; Maximum fan-out                             ; 65                 ;
; Total fan-out                               ; 1060               ;
; Average fan-out                             ; 3.22               ;
+---------------------------------------------+--------------------+


+----------------------------------------------------------------------------------------------------------------------------------------------------------------------------------------------------------------------------------------------------------------+
; Analysis & Synthesis Resource Utilization by Entity                                                                                                                                                                                                            ;
+------------------------------------------+---------------------+---------------------------+-------------------+------------+------+--------------+----------------------------------------------------------------------------+----------------+--------------+
; Compilation Hierarchy Node               ; Combinational ALUTs ; Dedicated Logic Registers ; Block Memory Bits ; DSP Blocks ; Pins ; Virtual Pins ; Full Hierarchy Name                                                        ; Entity Name    ; Library Name ;
+------------------------------------------+---------------------+---------------------------+-------------------+------------+------+--------------+----------------------------------------------------------------------------+----------------+--------------+
; |labproject                              ; 168 (0)             ; 66 (0)                    ; 0                 ; 0          ; 47   ; 0            ; |labproject                                                                ; labproject     ; work         ;
;    |colseq:colseq_0|                     ; 6 (6)               ; 2 (2)                     ; 0                 ; 0          ; 0    ; 0            ; |labproject|colseq:colseq_0                                                ; colseq         ; work         ;
;    |key2length:key2length_0|             ; 3 (3)               ; 0 (0)                     ; 0                 ; 0          ; 0    ; 0            ; |labproject|key2length:key2length_0                                        ; key2length     ; work         ;
;    |kpdecode:kpdecode_0|                 ; 7 (7)               ; 0 (0)                     ; 0                 ; 0          ; 0    ; 0            ; |labproject|kpdecode:kpdecode_0                                            ; kpdecode       ; work         ;
;    |motortest:motortest_0|               ; 152 (152)           ; 64 (64)                   ; 0                 ; 0          ; 0    ; 0            ; |labproject|motortest:motortest_0                                          ; motortest      ; work         ;
;    |pll:pll0|                            ; 0 (0)               ; 0 (0)                     ; 0                 ; 0          ; 0    ; 0            ; |labproject|pll:pll0                                                       ; pll            ; work         ;
;       |altpll:altpll_component|          ; 0 (0)               ; 0 (0)                     ; 0                 ; 0          ; 0    ; 0            ; |labproject|pll:pll0|altpll:altpll_component                               ; altpll         ; work         ;
;          |lab1clk_altpll:auto_generated| ; 0 (0)               ; 0 (0)                     ; 0                 ; 0          ; 0    ; 0            ; |labproject|pll:pll0|altpll:altpll_component|lab1clk_altpll:auto_generated ; lab1clk_altpll ; work         ;
+------------------------------------------+---------------------+---------------------------+-------------------+------------+------+--------------+----------------------------------------------------------------------------+----------------+--------------+
Note: For table entries with two numbers listed, the numbers in parentheses indicate the number of resources of the given type used by the specific entity alone. The numbers listed outside of parentheses indicate the total resources of the given type used by the specific entity and all of its sub-entities in the hierarchy.


+--------------------------------------------------------------------------------------------+
; Registers Removed During Synthesis                                                         ;
+----------------------------------------+---------------------------------------------------+
; Register name                          ; Reason for Removal                                ;
+----------------------------------------+---------------------------------------------------+
; motortest:motortest_0|state[2..31]     ; Stuck at GND due to stuck port data_in            ;
; motortest:motortest_0|stepsignal       ; Merged with motortest:motortest_0|pulsecounter[0] ;
; Total Number of Removed Registers = 31 ;                                                   ;
+----------------------------------------+---------------------------------------------------+


+------------------------------------------------------+
; General Register Statistics                          ;
+----------------------------------------------+-------+
; Statistic                                    ; Value ;
+----------------------------------------------+-------+
; Total registers                              ; 66    ;
; Number of registers using Synchronous Clear  ; 0     ;
; Number of registers using Synchronous Load   ; 52    ;
; Number of registers using Asynchronous Clear ; 32    ;
; Number of registers using Asynchronous Load  ; 0     ;
; Number of registers using Clock Enable       ; 61    ;
; Number of registers using Preset             ; 0     ;
+----------------------------------------------+-------+


+--------------------------------------------------+
; Inverted Register Statistics                     ;
+----------------------------------------+---------+
; Inverted Register                      ; Fan out ;
+----------------------------------------+---------+
; motortest:motortest_0|state[0]         ; 2       ;
; Total number of inverted registers = 1 ;         ;
+----------------------------------------+---------+


+-----------------------------------------------------------------------------------------------------------------------------------------------------------+
; Multiplexer Restructuring Statistics (Restructuring Performed)                                                                                            ;
+--------------------+-----------+---------------+----------------------+------------------------+------------+---------------------------------------------+
; Multiplexer Inputs ; Bus Width ; Baseline Area ; Area if Restructured ; Saving if Restructured ; Registered ; Example Multiplexer Output                  ;
+--------------------+-----------+---------------+----------------------+------------------------+------------+---------------------------------------------+
; 3:1                ; 25 bits   ; 50 LEs        ; 25 LEs               ; 25 LEs                 ; Yes        ; |labproject|motortest:motortest_0|count[26] ;
; 12:1               ; 2 bits    ; 16 LEs        ; 16 LEs               ; 0 LEs                  ; No         ; |labproject|kpdecode:kpdecode_0|num[3]      ;
; 15:1               ; 2 bits    ; 20 LEs        ; 20 LEs               ; 0 LEs                  ; No         ; |labproject|kpdecode:kpdecode_0|num[1]      ;
+--------------------+-----------+---------------+----------------------+------------------------+------------+---------------------------------------------+


+-------------------------------------------------------------------------------+
; Parameter Settings for User Entity Instance: pll:pll0|altpll:altpll_component ;
+-------------------------------+---------------------------+-------------------+
; Parameter Name                ; Value                     ; Type              ;
+-------------------------------+---------------------------+-------------------+
; OPERATION_MODE                ; NORMAL                    ; Untyped           ;
; PLL_TYPE                      ; AUTO                      ; Untyped           ;
; LPM_HINT                      ; CBX_MODULE_PREFIX=lab1clk ; Untyped           ;
; QUALIFY_CONF_DONE             ; OFF                       ; Untyped           ;
; COMPENSATE_CLOCK              ; CLK0                      ; Untyped           ;
; SCAN_CHAIN                    ; LONG                      ; Untyped           ;
; PRIMARY_CLOCK                 ; INCLK0                    ; Untyped           ;
; INCLK0_INPUT_FREQUENCY        ; 20000                     ; Signed Integer    ;
; INCLK1_INPUT_FREQUENCY        ; 0                         ; Untyped           ;
; GATE_LOCK_SIGNAL              ; NO                        ; Untyped           ;
; GATE_LOCK_COUNTER             ; 0                         ; Untyped           ;
; LOCK_HIGH                     ; 1                         ; Untyped           ;
; LOCK_LOW                      ; 1                         ; Untyped           ;
; VALID_LOCK_MULTIPLIER         ; 1                         ; Untyped           ;
; INVALID_LOCK_MULTIPLIER       ; 5                         ; Untyped           ;
; SWITCH_OVER_ON_LOSSCLK        ; OFF                       ; Untyped           ;
; SWITCH_OVER_ON_GATED_LOCK     ; OFF                       ; Untyped           ;
; ENABLE_SWITCH_OVER_COUNTER    ; OFF                       ; Untyped           ;
; SKIP_VCO                      ; OFF                       ; Untyped           ;
; SWITCH_OVER_COUNTER           ; 0                         ; Untyped           ;
; SWITCH_OVER_TYPE              ; AUTO                      ; Untyped           ;
; FEEDBACK_SOURCE               ; EXTCLK0                   ; Untyped           ;
; BANDWIDTH                     ; 0                         ; Untyped           ;
; BANDWIDTH_TYPE                ; AUTO                      ; Untyped           ;
; SPREAD_FREQUENCY              ; 0                         ; Untyped           ;
; DOWN_SPREAD                   ; 0                         ; Untyped           ;
; SELF_RESET_ON_GATED_LOSS_LOCK ; OFF                       ; Untyped           ;
; SELF_RESET_ON_LOSS_LOCK       ; OFF                       ; Untyped           ;
; CLK9_MULTIPLY_BY              ; 0                         ; Untyped           ;
; CLK8_MULTIPLY_BY              ; 0                         ; Untyped           ;
; CLK7_MULTIPLY_BY              ; 0                         ; Untyped           ;
; CLK6_MULTIPLY_BY              ; 0                         ; Untyped           ;
; CLK5_MULTIPLY_BY              ; 1                         ; Untyped           ;
; CLK4_MULTIPLY_BY              ; 1                         ; Untyped           ;
; CLK3_MULTIPLY_BY              ; 1                         ; Untyped           ;
; CLK2_MULTIPLY_BY              ; 1                         ; Untyped           ;
; CLK1_MULTIPLY_BY              ; 1                         ; Untyped           ;
; CLK0_MULTIPLY_BY              ; 1                         ; Signed Integer    ;
; CLK9_DIVIDE_BY                ; 0                         ; Untyped           ;
; CLK8_DIVIDE_BY                ; 0                         ; Untyped           ;
; CLK7_DIVIDE_BY                ; 0                         ; Untyped           ;
; CLK6_DIVIDE_BY                ; 0                         ; Untyped           ;
; CLK5_DIVIDE_BY                ; 1                         ; Untyped           ;
; CLK4_DIVIDE_BY                ; 1                         ; Untyped           ;
; CLK3_DIVIDE_BY                ; 1                         ; Untyped           ;
; CLK2_DIVIDE_BY                ; 1                         ; Untyped           ;
; CLK1_DIVIDE_BY                ; 1                         ; Untyped           ;
; CLK0_DIVIDE_BY                ; 25000                     ; Signed Integer    ;
; CLK9_PHASE_SHIFT              ; 0                         ; Untyped           ;
; CLK8_PHASE_SHIFT              ; 0                         ; Untyped           ;
; CLK7_PHASE_SHIFT              ; 0                         ; Untyped           ;
; CLK6_PHASE_SHIFT              ; 0                         ; Untyped           ;
; CLK5_PHASE_SHIFT              ; 0                         ; Untyped           ;
; CLK4_PHASE_SHIFT              ; 0                         ; Untyped           ;
; CLK3_PHASE_SHIFT              ; 0                         ; Untyped           ;
; CLK2_PHASE_SHIFT              ; 0                         ; Untyped           ;
; CLK1_PHASE_SHIFT              ; 0                         ; Untyped           ;
; CLK0_PHASE_SHIFT              ; 0                         ; Untyped           ;
; CLK5_TIME_DELAY               ; 0                         ; Untyped           ;
; CLK4_TIME_DELAY               ; 0                         ; Untyped           ;
; CLK3_TIME_DELAY               ; 0                         ; Untyped           ;
; CLK2_TIME_DELAY               ; 0                         ; Untyped           ;
; CLK1_TIME_DELAY               ; 0                         ; Untyped           ;
; CLK0_TIME_DELAY               ; 0                         ; Untyped           ;
; CLK9_DUTY_CYCLE               ; 50                        ; Untyped           ;
; CLK8_DUTY_CYCLE               ; 50                        ; Untyped           ;
; CLK7_DUTY_CYCLE               ; 50                        ; Untyped           ;
; CLK6_DUTY_CYCLE               ; 50                        ; Untyped           ;
; CLK5_DUTY_CYCLE               ; 50                        ; Untyped           ;
; CLK4_DUTY_CYCLE               ; 50                        ; Untyped           ;
; CLK3_DUTY_CYCLE               ; 50                        ; Untyped           ;
; CLK2_DUTY_CYCLE               ; 50                        ; Untyped           ;
; CLK1_DUTY_CYCLE               ; 50                        ; Untyped           ;
; CLK0_DUTY_CYCLE               ; 50                        ; Signed Integer    ;
; CLK9_USE_EVEN_COUNTER_MODE    ; OFF                       ; Untyped           ;
; CLK8_USE_EVEN_COUNTER_MODE    ; OFF                       ; Untyped           ;
; CLK7_USE_EVEN_COUNTER_MODE    ; OFF                       ; Untyped           ;
; CLK6_USE_EVEN_COUNTER_MODE    ; OFF                       ; Untyped           ;
; CLK5_USE_EVEN_COUNTER_MODE    ; OFF                       ; Untyped           ;
; CLK4_USE_EVEN_COUNTER_MODE    ; OFF                       ; Untyped           ;
; CLK3_USE_EVEN_COUNTER_MODE    ; OFF                       ; Untyped           ;
; CLK2_USE_EVEN_COUNTER_MODE    ; OFF                       ; Untyped           ;
; CLK1_USE_EVEN_COUNTER_MODE    ; OFF                       ; Untyped           ;
; CLK0_USE_EVEN_COUNTER_MODE    ; OFF                       ; Untyped           ;
; CLK9_USE_EVEN_COUNTER_VALUE   ; OFF                       ; Untyped           ;
; CLK8_USE_EVEN_COUNTER_VALUE   ; OFF                       ; Untyped           ;
; CLK7_USE_EVEN_COUNTER_VALUE   ; OFF                       ; Untyped           ;
; CLK6_USE_EVEN_COUNTER_VALUE   ; OFF                       ; Untyped           ;
; CLK5_USE_EVEN_COUNTER_VALUE   ; OFF                       ; Untyped           ;
; CLK4_USE_EVEN_COUNTER_VALUE   ; OFF                       ; Untyped           ;
; CLK3_USE_EVEN_COUNTER_VALUE   ; OFF                       ; Untyped           ;
; CLK2_USE_EVEN_COUNTER_VALUE   ; OFF                       ; Untyped           ;
; CLK1_USE_EVEN_COUNTER_VALUE   ; OFF                       ; Untyped           ;
; CLK0_USE_EVEN_COUNTER_VALUE   ; OFF                       ; Untyped           ;
; LOCK_WINDOW_UI                ;  0.05                     ; Untyped           ;
; LOCK_WINDOW_UI_BITS           ; UNUSED                    ; Untyped           ;
; VCO_RANGE_DETECTOR_LOW_BITS   ; UNUSED                    ; Untyped           ;
; VCO_RANGE_DETECTOR_HIGH_BITS  ; UNUSED                    ; Untyped           ;
; DPA_MULTIPLY_BY               ; 0                         ; Untyped           ;
; DPA_DIVIDE_BY                 ; 1                         ; Untyped           ;
; DPA_DIVIDER                   ; 0                         ; Untyped           ;
; EXTCLK3_MULTIPLY_BY           ; 1                         ; Untyped           ;
; EXTCLK2_MULTIPLY_BY           ; 1                         ; Untyped           ;
; EXTCLK1_MULTIPLY_BY           ; 1                         ; Untyped           ;
; EXTCLK0_MULTIPLY_BY           ; 1                         ; Untyped           ;
; EXTCLK3_DIVIDE_BY             ; 1                         ; Untyped           ;
; EXTCLK2_DIVIDE_BY             ; 1                         ; Untyped           ;
; EXTCLK1_DIVIDE_BY             ; 1                         ; Untyped           ;
; EXTCLK0_DIVIDE_BY             ; 1                         ; Untyped           ;
; EXTCLK3_PHASE_SHIFT           ; 0                         ; Untyped           ;
; EXTCLK2_PHASE_SHIFT           ; 0                         ; Untyped           ;
; EXTCLK1_PHASE_SHIFT           ; 0                         ; Untyped           ;
; EXTCLK0_PHASE_SHIFT           ; 0                         ; Untyped           ;
; EXTCLK3_TIME_DELAY            ; 0                         ; Untyped           ;
; EXTCLK2_TIME_DELAY            ; 0                         ; Untyped           ;
; EXTCLK1_TIME_DELAY            ; 0                         ; Untyped           ;
; EXTCLK0_TIME_DELAY            ; 0                         ; Untyped           ;
; EXTCLK3_DUTY_CYCLE            ; 50                        ; Untyped           ;
; EXTCLK2_DUTY_CYCLE            ; 50                        ; Untyped           ;
; EXTCLK1_DUTY_CYCLE            ; 50                        ; Untyped           ;
; EXTCLK0_DUTY_CYCLE            ; 50                        ; Untyped           ;
; VCO_MULTIPLY_BY               ; 0                         ; Untyped           ;
; VCO_DIVIDE_BY                 ; 0                         ; Untyped           ;
; SCLKOUT0_PHASE_SHIFT          ; 0                         ; Untyped           ;
; SCLKOUT1_PHASE_SHIFT          ; 0                         ; Untyped           ;
; VCO_MIN                       ; 0                         ; Untyped           ;
; VCO_MAX                       ; 0                         ; Untyped           ;
; VCO_CENTER                    ; 0                         ; Untyped           ;
; PFD_MIN                       ; 0                         ; Untyped           ;
; PFD_MAX                       ; 0                         ; Untyped           ;
; M_INITIAL                     ; 0                         ; Untyped           ;
; M                             ; 0                         ; Untyped           ;
; N                             ; 1                         ; Untyped           ;
; M2                            ; 1                         ; Untyped           ;
; N2                            ; 1                         ; Untyped           ;
; SS                            ; 1                         ; Untyped           ;
; C0_HIGH                       ; 0                         ; Untyped           ;
; C1_HIGH                       ; 0                         ; Untyped           ;
; C2_HIGH                       ; 0                         ; Untyped           ;
; C3_HIGH                       ; 0                         ; Untyped           ;
; C4_HIGH                       ; 0                         ; Untyped           ;
; C5_HIGH                       ; 0                         ; Untyped           ;
; C6_HIGH                       ; 0                         ; Untyped           ;
; C7_HIGH                       ; 0                         ; Untyped           ;
; C8_HIGH                       ; 0                         ; Untyped           ;
; C9_HIGH                       ; 0                         ; Untyped           ;
; C0_LOW                        ; 0                         ; Untyped           ;
; C1_LOW                        ; 0                         ; Untyped           ;
; C2_LOW                        ; 0                         ; Untyped           ;
; C3_LOW                        ; 0                         ; Untyped           ;
; C4_LOW                        ; 0                         ; Untyped           ;
; C5_LOW                        ; 0                         ; Untyped           ;
; C6_LOW                        ; 0                         ; Untyped           ;
; C7_LOW                        ; 0                         ; Untyped           ;
; C8_LOW                        ; 0                         ; Untyped           ;
; C9_LOW                        ; 0                         ; Untyped           ;
; C0_INITIAL                    ; 0                         ; Untyped           ;
; C1_INITIAL                    ; 0                         ; Untyped           ;
; C2_INITIAL                    ; 0                         ; Untyped           ;
; C3_INITIAL                    ; 0                         ; Untyped           ;
; C4_INITIAL                    ; 0                         ; Untyped           ;
; C5_INITIAL                    ; 0                         ; Untyped           ;
; C6_INITIAL                    ; 0                         ; Untyped           ;
; C7_INITIAL                    ; 0                         ; Untyped           ;
; C8_INITIAL                    ; 0                         ; Untyped           ;
; C9_INITIAL                    ; 0                         ; Untyped           ;
; C0_MODE                       ; BYPASS                    ; Untyped           ;
; C1_MODE                       ; BYPASS                    ; Untyped           ;
; C2_MODE                       ; BYPASS                    ; Untyped           ;
; C3_MODE                       ; BYPASS                    ; Untyped           ;
; C4_MODE                       ; BYPASS                    ; Untyped           ;
; C5_MODE                       ; BYPASS                    ; Untyped           ;
; C6_MODE                       ; BYPASS                    ; Untyped           ;
; C7_MODE                       ; BYPASS                    ; Untyped           ;
; C8_MODE                       ; BYPASS                    ; Untyped           ;
; C9_MODE                       ; BYPASS                    ; Untyped           ;
; C0_PH                         ; 0                         ; Untyped           ;
; C1_PH                         ; 0                         ; Untyped           ;
; C2_PH                         ; 0                         ; Untyped           ;
; C3_PH                         ; 0                         ; Untyped           ;
; C4_PH                         ; 0                         ; Untyped           ;
; C5_PH                         ; 0                         ; Untyped           ;
; C6_PH                         ; 0                         ; Untyped           ;
; C7_PH                         ; 0                         ; Untyped           ;
; C8_PH                         ; 0                         ; Untyped           ;
; C9_PH                         ; 0                         ; Untyped           ;
; L0_HIGH                       ; 1                         ; Untyped           ;
; L1_HIGH                       ; 1                         ; Untyped           ;
; G0_HIGH                       ; 1                         ; Untyped           ;
; G1_HIGH                       ; 1                         ; Untyped           ;
; G2_HIGH                       ; 1                         ; Untyped           ;
; G3_HIGH                       ; 1                         ; Untyped           ;
; E0_HIGH                       ; 1                         ; Untyped           ;
; E1_HIGH                       ; 1                         ; Untyped           ;
; E2_HIGH                       ; 1                         ; Untyped           ;
; E3_HIGH                       ; 1                         ; Untyped           ;
; L0_LOW                        ; 1                         ; Untyped           ;
; L1_LOW                        ; 1                         ; Untyped           ;
; G0_LOW                        ; 1                         ; Untyped           ;
; G1_LOW                        ; 1                         ; Untyped           ;
; G2_LOW                        ; 1                         ; Untyped           ;
; G3_LOW                        ; 1                         ; Untyped           ;
; E0_LOW                        ; 1                         ; Untyped           ;
; E1_LOW                        ; 1                         ; Untyped           ;
; E2_LOW                        ; 1                         ; Untyped           ;
; E3_LOW                        ; 1                         ; Untyped           ;
; L0_INITIAL                    ; 1                         ; Untyped           ;
; L1_INITIAL                    ; 1                         ; Untyped           ;
; G0_INITIAL                    ; 1                         ; Untyped           ;
; G1_INITIAL                    ; 1                         ; Untyped           ;
; G2_INITIAL                    ; 1                         ; Untyped           ;
; G3_INITIAL                    ; 1                         ; Untyped           ;
; E0_INITIAL                    ; 1                         ; Untyped           ;
; E1_INITIAL                    ; 1                         ; Untyped           ;
; E2_INITIAL                    ; 1                         ; Untyped           ;
; E3_INITIAL                    ; 1                         ; Untyped           ;
; L0_MODE                       ; BYPASS                    ; Untyped           ;
; L1_MODE                       ; BYPASS                    ; Untyped           ;
; G0_MODE                       ; BYPASS                    ; Untyped           ;
; G1_MODE                       ; BYPASS                    ; Untyped           ;
; G2_MODE                       ; BYPASS                    ; Untyped           ;
; G3_MODE                       ; BYPASS                    ; Untyped           ;
; E0_MODE                       ; BYPASS                    ; Untyped           ;
; E1_MODE                       ; BYPASS                    ; Untyped           ;
; E2_MODE                       ; BYPASS                    ; Untyped           ;
; E3_MODE                       ; BYPASS                    ; Untyped           ;
; L0_PH                         ; 0                         ; Untyped           ;
; L1_PH                         ; 0                         ; Untyped           ;
; G0_PH                         ; 0                         ; Untyped           ;
; G1_PH                         ; 0                         ; Untyped           ;
; G2_PH                         ; 0                         ; Untyped           ;
; G3_PH                         ; 0                         ; Untyped           ;
; E0_PH                         ; 0                         ; Untyped           ;
; E1_PH                         ; 0                         ; Untyped           ;
; E2_PH                         ; 0                         ; Untyped           ;
; E3_PH                         ; 0                         ; Untyped           ;
; M_PH                          ; 0                         ; Untyped           ;
; C1_USE_CASC_IN                ; OFF                       ; Untyped           ;
; C2_USE_CASC_IN                ; OFF                       ; Untyped           ;
; C3_USE_CASC_IN                ; OFF                       ; Untyped           ;
; C4_USE_CASC_IN                ; OFF                       ; Untyped           ;
; C5_USE_CASC_IN                ; OFF                       ; Untyped           ;
; C6_USE_CASC_IN                ; OFF                       ; Untyped           ;
; C7_USE_CASC_IN                ; OFF                       ; Untyped           ;
; C8_USE_CASC_IN                ; OFF                       ; Untyped           ;
; C9_USE_CASC_IN                ; OFF                       ; Untyped           ;
; CLK0_COUNTER                  ; G0                        ; Untyped           ;
; CLK1_COUNTER                  ; G0                        ; Untyped           ;
; CLK2_COUNTER                  ; G0                        ; Untyped           ;
; CLK3_COUNTER                  ; G0                        ; Untyped           ;
; CLK4_COUNTER                  ; G0                        ; Untyped           ;
; CLK5_COUNTER                  ; G0                        ; Untyped           ;
; CLK6_COUNTER                  ; E0                        ; Untyped           ;
; CLK7_COUNTER                  ; E1                        ; Untyped           ;
; CLK8_COUNTER                  ; E2                        ; Untyped           ;
; CLK9_COUNTER                  ; E3                        ; Untyped           ;
; L0_TIME_DELAY                 ; 0                         ; Untyped           ;
; L1_TIME_DELAY                 ; 0                         ; Untyped           ;
; G0_TIME_DELAY                 ; 0                         ; Untyped           ;
; G1_TIME_DELAY                 ; 0                         ; Untyped           ;
; G2_TIME_DELAY                 ; 0                         ; Untyped           ;
; G3_TIME_DELAY                 ; 0                         ; Untyped           ;
; E0_TIME_DELAY                 ; 0                         ; Untyped           ;
; E1_TIME_DELAY                 ; 0                         ; Untyped           ;
; E2_TIME_DELAY                 ; 0                         ; Untyped           ;
; E3_TIME_DELAY                 ; 0                         ; Untyped           ;
; M_TIME_DELAY                  ; 0                         ; Untyped           ;
; N_TIME_DELAY                  ; 0                         ; Untyped           ;
; EXTCLK3_COUNTER               ; E3                        ; Untyped           ;
; EXTCLK2_COUNTER               ; E2                        ; Untyped           ;
; EXTCLK1_COUNTER               ; E1                        ; Untyped           ;
; EXTCLK0_COUNTER               ; E0                        ; Untyped           ;
; ENABLE0_COUNTER               ; L0                        ; Untyped           ;
; ENABLE1_COUNTER               ; L0                        ; Untyped           ;
; CHARGE_PUMP_CURRENT           ; 2                         ; Untyped           ;
; LOOP_FILTER_R                 ;  1.000000                 ; Untyped           ;
; LOOP_FILTER_C                 ; 5                         ; Untyped           ;
; CHARGE_PUMP_CURRENT_BITS      ; 9999                      ; Untyped           ;
; LOOP_FILTER_R_BITS            ; 9999                      ; Untyped           ;
; LOOP_FILTER_C_BITS            ; 9999                      ; Untyped           ;
; VCO_POST_SCALE                ; 0                         ; Untyped           ;
; CLK2_OUTPUT_FREQUENCY         ; 0                         ; Untyped           ;
; CLK1_OUTPUT_FREQUENCY         ; 0                         ; Untyped           ;
; CLK0_OUTPUT_FREQUENCY         ; 0                         ; Untyped           ;
; INTENDED_DEVICE_FAMILY        ; Cyclone IV E              ; Untyped           ;
; PORT_CLKENA0                  ; PORT_UNUSED               ; Untyped           ;
; PORT_CLKENA1                  ; PORT_UNUSED               ; Untyped           ;
; PORT_CLKENA2                  ; PORT_UNUSED               ; Untyped           ;
; PORT_CLKENA3                  ; PORT_UNUSED               ; Untyped           ;
; PORT_CLKENA4                  ; PORT_UNUSED               ; Untyped           ;
; PORT_CLKENA5                  ; PORT_UNUSED               ; Untyped           ;
; PORT_EXTCLKENA0               ; PORT_CONNECTIVITY         ; Untyped           ;
; PORT_EXTCLKENA1               ; PORT_CONNECTIVITY         ; Untyped           ;
; PORT_EXTCLKENA2               ; PORT_CONNECTIVITY         ; Untyped           ;
; PORT_EXTCLKENA3               ; PORT_CONNECTIVITY         ; Untyped           ;
; PORT_EXTCLK0                  ; PORT_UNUSED               ; Untyped           ;
; PORT_EXTCLK1                  ; PORT_UNUSED               ; Untyped           ;
; PORT_EXTCLK2                  ; PORT_UNUSED               ; Untyped           ;
; PORT_EXTCLK3                  ; PORT_UNUSED               ; Untyped           ;
; PORT_CLKBAD0                  ; PORT_UNUSED               ; Untyped           ;
; PORT_CLKBAD1                  ; PORT_UNUSED               ; Untyped           ;
; PORT_CLK0                     ; PORT_USED                 ; Untyped           ;
; PORT_CLK1                     ; PORT_UNUSED               ; Untyped           ;
; PORT_CLK2                     ; PORT_UNUSED               ; Untyped           ;
; PORT_CLK3                     ; PORT_UNUSED               ; Untyped           ;
; PORT_CLK4                     ; PORT_UNUSED               ; Untyped           ;
; PORT_CLK5                     ; PORT_UNUSED               ; Untyped           ;
; PORT_CLK6                     ; PORT_UNUSED               ; Untyped           ;
; PORT_CLK7                     ; PORT_UNUSED               ; Untyped           ;
; PORT_CLK8                     ; PORT_UNUSED               ; Untyped           ;
; PORT_CLK9                     ; PORT_UNUSED               ; Untyped           ;
; PORT_SCANDATA                 ; PORT_UNUSED               ; Untyped           ;
; PORT_SCANDATAOUT              ; PORT_UNUSED               ; Untyped           ;
; PORT_SCANDONE                 ; PORT_UNUSED               ; Untyped           ;
; PORT_SCLKOUT1                 ; PORT_CONNECTIVITY         ; Untyped           ;
; PORT_SCLKOUT0                 ; PORT_CONNECTIVITY         ; Untyped           ;
; PORT_ACTIVECLOCK              ; PORT_UNUSED               ; Untyped           ;
; PORT_CLKLOSS                  ; PORT_UNUSED               ; Untyped           ;
; PORT_INCLK1                   ; PORT_UNUSED               ; Untyped           ;
; PORT_INCLK0                   ; PORT_USED                 ; Untyped           ;
; PORT_FBIN                     ; PORT_UNUSED               ; Untyped           ;
; PORT_PLLENA                   ; PORT_UNUSED               ; Untyped           ;
; PORT_CLKSWITCH                ; PORT_UNUSED               ; Untyped           ;
; PORT_ARESET                   ; PORT_UNUSED               ; Untyped           ;
; PORT_PFDENA                   ; PORT_UNUSED               ; Untyped           ;
; PORT_SCANCLK                  ; PORT_UNUSED               ; Untyped           ;
; PORT_SCANACLR                 ; PORT_UNUSED               ; Untyped           ;
; PORT_SCANREAD                 ; PORT_UNUSED               ; Untyped           ;
; PORT_SCANWRITE                ; PORT_UNUSED               ; Untyped           ;
; PORT_ENABLE0                  ; PORT_CONNECTIVITY         ; Untyped           ;
; PORT_ENABLE1                  ; PORT_CONNECTIVITY         ; Untyped           ;
; PORT_LOCKED                   ; PORT_UNUSED               ; Untyped           ;
; PORT_CONFIGUPDATE             ; PORT_UNUSED               ; Untyped           ;
; PORT_FBOUT                    ; PORT_CONNECTIVITY         ; Untyped           ;
; PORT_PHASEDONE                ; PORT_UNUSED               ; Untyped           ;
; PORT_PHASESTEP                ; PORT_UNUSED               ; Untyped           ;
; PORT_PHASEUPDOWN              ; PORT_UNUSED               ; Untyped           ;
; PORT_SCANCLKENA               ; PORT_UNUSED               ; Untyped           ;
; PORT_PHASECOUNTERSELECT       ; PORT_UNUSED               ; Untyped           ;
; PORT_VCOOVERRANGE             ; PORT_CONNECTIVITY         ; Untyped           ;
; PORT_VCOUNDERRANGE            ; PORT_CONNECTIVITY         ; Untyped           ;
; M_TEST_SOURCE                 ; 5                         ; Untyped           ;
; C0_TEST_SOURCE                ; 5                         ; Untyped           ;
; C1_TEST_SOURCE                ; 5                         ; Untyped           ;
; C2_TEST_SOURCE                ; 5                         ; Untyped           ;
; C3_TEST_SOURCE                ; 5                         ; Untyped           ;
; C4_TEST_SOURCE                ; 5                         ; Untyped           ;
; C5_TEST_SOURCE                ; 5                         ; Untyped           ;
; C6_TEST_SOURCE                ; 5                         ; Untyped           ;
; C7_TEST_SOURCE                ; 5                         ; Untyped           ;
; C8_TEST_SOURCE                ; 5                         ; Untyped           ;
; C9_TEST_SOURCE                ; 5                         ; Untyped           ;
; CBXI_PARAMETER                ; lab1clk_altpll            ; Untyped           ;
; VCO_FREQUENCY_CONTROL         ; AUTO                      ; Untyped           ;
; VCO_PHASE_SHIFT_STEP          ; 0                         ; Untyped           ;
; WIDTH_CLOCK                   ; 5                         ; Signed Integer    ;
; WIDTH_PHASECOUNTERSELECT      ; 4                         ; Untyped           ;
; USING_FBMIMICBIDIR_PORT       ; OFF                       ; Untyped           ;
; DEVICE_FAMILY                 ; Cyclone V                 ; Untyped           ;
; SCAN_CHAIN_MIF_FILE           ; UNUSED                    ; Untyped           ;
; SIM_GATE_LOCK_DEVICE_BEHAVIOR ; OFF                       ; Untyped           ;
; AUTO_CARRY_CHAINS             ; ON                        ; AUTO_CARRY        ;
; IGNORE_CARRY_BUFFERS          ; OFF                       ; IGNORE_CARRY      ;
; AUTO_CASCADE_CHAINS           ; ON                        ; AUTO_CASCADE      ;
; IGNORE_CASCADE_BUFFERS        ; OFF                       ; IGNORE_CASCADE    ;
+-------------------------------+---------------------------+-------------------+
Note: In order to hide this table in the UI and the text report file, please set the "Show Parameter Settings in Synthesis Report" option in "Analysis and Synthesis Settings -> More Settings" to "Off".


+--------------------------------------------------------------------+
; Parameter Settings for User Entity Instance: motortest:motortest_0 ;
+----------------+----------+----------------------------------------+
; Parameter Name ; Value    ; Type                                   ;
+----------------+----------+----------------------------------------+
; FCLK           ; 50000000 ; Signed Integer                         ;
; waiting        ; 1        ; Signed Integer                         ;
; cuttingwire    ; 2        ; Signed Integer                         ;
+----------------+----------+----------------------------------------+
Note: In order to hide this table in the UI and the text report file, please set the "Show Parameter Settings in Synthesis Report" option in "Analysis and Synthesis Settings -> More Settings" to "Off".


+------------------------------------------------------------------+
; altpll Parameter Settings by Entity Instance                     ;
+-------------------------------+----------------------------------+
; Name                          ; Value                            ;
+-------------------------------+----------------------------------+
; Number of entity instances    ; 1                                ;
; Entity Instance               ; pll:pll0|altpll:altpll_component ;
;     -- OPERATION_MODE         ; NORMAL                           ;
;     -- PLL_TYPE               ; AUTO                             ;
;     -- PRIMARY_CLOCK          ; INCLK0                           ;
;     -- INCLK0_INPUT_FREQUENCY ; 20000                            ;
;     -- INCLK1_INPUT_FREQUENCY ; 0                                ;
;     -- VCO_MULTIPLY_BY        ; 0                                ;
;     -- VCO_DIVIDE_BY          ; 0                                ;
+-------------------------------+----------------------------------+


+-----------------------------------------------------+
; Post-Synthesis Netlist Statistics for Top Partition ;
+-----------------------+-----------------------------+
; Type                  ; Count                       ;
+-----------------------+-----------------------------+
; arriav_ff             ; 66                          ;
;     CLR               ; 5                           ;
;     ENA               ; 4                           ;
;     ENA CLR           ; 5                           ;
;     ENA CLR SLD       ; 22                          ;
;     ENA SLD           ; 30                          ;
; arriav_lcell_comb     ; 172                         ;
;     arith             ; 86                          ;
;         1 data inputs ; 55                          ;
;         2 data inputs ; 6                           ;
;         3 data inputs ; 1                           ;
;         4 data inputs ; 1                           ;
;         5 data inputs ; 23                          ;
;     normal            ; 86                          ;
;         0 data inputs ; 1                           ;
;         1 data inputs ; 4                           ;
;         2 data inputs ; 7                           ;
;         3 data inputs ; 7                           ;
;         4 data inputs ; 10                          ;
;         5 data inputs ; 14                          ;
;         6 data inputs ; 43                          ;
; boundary_port         ; 47                          ;
; generic_pll           ; 1                           ;
;                       ;                             ;
; Max LUT depth         ; 7.00                        ;
; Average LUT depth     ; 5.25                        ;
+-----------------------+-----------------------------+


+-------------------------------+
; Elapsed Time Per Partition    ;
+----------------+--------------+
; Partition Name ; Elapsed Time ;
+----------------+--------------+
; Top            ; 00:00:01     ;
+----------------+--------------+


+-------------------------------+
; Analysis & Synthesis Messages ;
+-------------------------------+
Info: *******************************************************************
Info: Running Quartus Prime Analysis & Synthesis
    Info: Version 22.1std.0 Build 915 10/25/2022 SC Lite Edition
    Info: Processing started: Mon Apr 10 20:53:48 2023
Info: Command: quartus_map --read_settings_files=on --write_settings_files=off labproject -c labproject
Warning (18236): Number of processors has not been specified which may cause overloading on shared machines.  Set the global assignment NUM_PARALLEL_PROCESSORS in your QSF to an appropriate value for best performance.
Info (20030): Parallel compilation is enabled and will use 4 of the 4 processors detected
Info (12021): Found 1 design units, including 1 entities, in source file kpdecode.sv
    Info (12023): Found entity 1: kpdecode File: D:/Documents/Electrical Egneinerineign/thchool/Year 3/Term 2/Digital System Design_robert/Labs/labproject/WIRECUTTER/kpdecode.sv Line: 10
Info (12021): Found 1 design units, including 1 entities, in source file colseq.sv
    Info (12023): Found entity 1: colseq File: D:/Documents/Electrical Egneinerineign/thchool/Year 3/Term 2/Digital System Design_robert/Labs/labproject/WIRECUTTER/colseq.sv Line: 12
Info (12021): Found 2 design units, including 2 entities, in source file labproject.sv
    Info (12023): Found entity 1: labproject File: D:/Documents/Electrical Egneinerineign/thchool/Year 3/Term 2/Digital System Design_robert/Labs/labproject/WIRECUTTER/labproject.sv Line: 1
    Info (12023): Found entity 2: pll File: D:/Documents/Electrical Egneinerineign/thchool/Year 3/Term 2/Digital System Design_robert/Labs/labproject/WIRECUTTER/labproject.sv Line: 32
Info (12021): Found 1 design units, including 1 entities, in source file motortest.sv
    Info (12023): Found entity 1: motortest File: D:/Documents/Electrical Egneinerineign/thchool/Year 3/Term 2/Digital System Design_robert/Labs/labproject/WIRECUTTER/motortest.sv Line: 11
Info (12021): Found 1 design units, including 1 entities, in source file key2length.sv
    Info (12023): Found entity 1: key2length File: D:/Documents/Electrical Egneinerineign/thchool/Year 3/Term 2/Digital System Design_robert/Labs/labproject/WIRECUTTER/key2length.sv Line: 11
Info (12127): Elaborating entity "labproject" for the top level hierarchy
Warning (10034): Output port "GPIO_1[35..2]" at labproject.sv(1) has no driver File: D:/Documents/Electrical Egneinerineign/thchool/Year 3/Term 2/Digital System Design_robert/Labs/labproject/WIRECUTTER/labproject.sv Line: 1
Warning (10034): Output port "GPIO_1[0]" at labproject.sv(1) has no driver File: D:/Documents/Electrical Egneinerineign/thchool/Year 3/Term 2/Digital System Design_robert/Labs/labproject/WIRECUTTER/labproject.sv Line: 1
Info (12128): Elaborating entity "pll" for hierarchy "pll:pll0" File: D:/Documents/Electrical Egneinerineign/thchool/Year 3/Term 2/Digital System Design_robert/Labs/labproject/WIRECUTTER/labproject.sv Line: 14
Info (12128): Elaborating entity "altpll" for hierarchy "pll:pll0|altpll:altpll_component" File: D:/Documents/Electrical Egneinerineign/thchool/Year 3/Term 2/Digital System Design_robert/Labs/labproject/WIRECUTTER/labproject.sv Line: 56
Info (12130): Elaborated megafunction instantiation "pll:pll0|altpll:altpll_component" File: D:/Documents/Electrical Egneinerineign/thchool/Year 3/Term 2/Digital System Design_robert/Labs/labproject/WIRECUTTER/labproject.sv Line: 56
Info (12133): Instantiated megafunction "pll:pll0|altpll:altpll_component" with the following parameter: File: D:/Documents/Electrical Egneinerineign/thchool/Year 3/Term 2/Digital System Design_robert/Labs/labproject/WIRECUTTER/labproject.sv Line: 56
    Info (12134): Parameter "bandwidth_type" = "AUTO"
    Info (12134): Parameter "clk0_divide_by" = "25000"
    Info (12134): Parameter "clk0_duty_cycle" = "50"
    Info (12134): Parameter "clk0_multiply_by" = "1"
    Info (12134): Parameter "clk0_phase_shift" = "0"
    Info (12134): Parameter "compensate_clock" = "CLK0"
    Info (12134): Parameter "inclk0_input_frequency" = "20000"
    Info (12134): Parameter "intended_device_family" = "Cyclone IV E"
    Info (12134): Parameter "lpm_hint" = "CBX_MODULE_PREFIX=lab1clk"
    Info (12134): Parameter "lpm_type" = "altpll"
    Info (12134): Parameter "operation_mode" = "NORMAL"
    Info (12134): Parameter "pll_type" = "AUTO"
    Info (12134): Parameter "port_activeclock" = "PORT_UNUSED"
    Info (12134): Parameter "port_areset" = "PORT_UNUSED"
    Info (12134): Parameter "port_clkbad0" = "PORT_UNUSED"
    Info (12134): Parameter "port_clkbad1" = "PORT_UNUSED"
    Info (12134): Parameter "port_clkloss" = "PORT_UNUSED"
    Info (12134): Parameter "port_clkswitch" = "PORT_UNUSED"
    Info (12134): Parameter "port_configupdate" = "PORT_UNUSED"
    Info (12134): Parameter "port_fbin" = "PORT_UNUSED"
    Info (12134): Parameter "port_inclk0" = "PORT_USED"
    Info (12134): Parameter "port_inclk1" = "PORT_UNUSED"
    Info (12134): Parameter "port_locked" = "PORT_UNUSED"
    Info (12134): Parameter "port_pfdena" = "PORT_UNUSED"
    Info (12134): Parameter "port_phasecounterselect" = "PORT_UNUSED"
    Info (12134): Parameter "port_phasedone" = "PORT_UNUSED"
    Info (12134): Parameter "port_phasestep" = "PORT_UNUSED"
    Info (12134): Parameter "port_phaseupdown" = "PORT_UNUSED"
    Info (12134): Parameter "port_pllena" = "PORT_UNUSED"
    Info (12134): Parameter "port_scanaclr" = "PORT_UNUSED"
    Info (12134): Parameter "port_scanclk" = "PORT_UNUSED"
    Info (12134): Parameter "port_scanclkena" = "PORT_UNUSED"
    Info (12134): Parameter "port_scandata" = "PORT_UNUSED"
    Info (12134): Parameter "port_scandataout" = "PORT_UNUSED"
    Info (12134): Parameter "port_scandone" = "PORT_UNUSED"
    Info (12134): Parameter "port_scanread" = "PORT_UNUSED"
    Info (12134): Parameter "port_scanwrite" = "PORT_UNUSED"
    Info (12134): Parameter "port_clk0" = "PORT_USED"
    Info (12134): Parameter "port_clk1" = "PORT_UNUSED"
    Info (12134): Parameter "port_clk2" = "PORT_UNUSED"
    Info (12134): Parameter "port_clk3" = "PORT_UNUSED"
    Info (12134): Parameter "port_clk4" = "PORT_UNUSED"
    Info (12134): Parameter "port_clk5" = "PORT_UNUSED"
    Info (12134): Parameter "port_clkena0" = "PORT_UNUSED"
    Info (12134): Parameter "port_clkena1" = "PORT_UNUSED"
    Info (12134): Parameter "port_clkena2" = "PORT_UNUSED"
    Info (12134): Parameter "port_clkena3" = "PORT_UNUSED"
    Info (12134): Parameter "port_clkena4" = "PORT_UNUSED"
    Info (12134): Parameter "port_clkena5" = "PORT_UNUSED"
    Info (12134): Parameter "port_extclk0" = "PORT_UNUSED"
    Info (12134): Parameter "port_extclk1" = "PORT_UNUSED"
    Info (12134): Parameter "port_extclk2" = "PORT_UNUSED"
    Info (12134): Parameter "port_extclk3" = "PORT_UNUSED"
    Info (12134): Parameter "width_clock" = "5"
Info (12021): Found 1 design units, including 1 entities, in source file db/lab1clk_altpll.v
    Info (12023): Found entity 1: lab1clk_altpll File: D:/Documents/Electrical Egneinerineign/thchool/Year 3/Term 2/Digital System Design_robert/Labs/labproject/WIRECUTTER/db/lab1clk_altpll.v Line: 30
Info (12128): Elaborating entity "lab1clk_altpll" for hierarchy "pll:pll0|altpll:altpll_component|lab1clk_altpll:auto_generated" File: d:/quartus22.1/quartus/libraries/megafunctions/altpll.tdf Line: 898
Info (12128): Elaborating entity "colseq" for hierarchy "colseq:colseq_0" File: D:/Documents/Electrical Egneinerineign/thchool/Year 3/Term 2/Digital System Design_robert/Labs/labproject/WIRECUTTER/labproject.sv Line: 17
Warning (10230): Verilog HDL assignment warning at colseq.sv(35): truncated value with size 32 to match size of target (2) File: D:/Documents/Electrical Egneinerineign/thchool/Year 3/Term 2/Digital System Design_robert/Labs/labproject/WIRECUTTER/colseq.sv Line: 35
Info (12128): Elaborating entity "kpdecode" for hierarchy "kpdecode:kpdecode_0" File: D:/Documents/Electrical Egneinerineign/thchool/Year 3/Term 2/Digital System Design_robert/Labs/labproject/WIRECUTTER/labproject.sv Line: 18
Info (12128): Elaborating entity "key2length" for hierarchy "key2length:key2length_0" File: D:/Documents/Electrical Egneinerineign/thchool/Year 3/Term 2/Digital System Design_robert/Labs/labproject/WIRECUTTER/labproject.sv Line: 19
Info (12128): Elaborating entity "motortest" for hierarchy "motortest:motortest_0" File: D:/Documents/Electrical Egneinerineign/thchool/Year 3/Term 2/Digital System Design_robert/Labs/labproject/WIRECUTTER/labproject.sv Line: 20
Warning (10240): Verilog HDL Always Construct warning at motortest.sv(23): inferring latch(es) for variable "count", which holds its previous value in one or more paths through the always construct File: D:/Documents/Electrical Egneinerineign/thchool/Year 3/Term 2/Digital System Design_robert/Labs/labproject/WIRECUTTER/motortest.sv Line: 23
Info (10041): Inferred latch for "count[0]" at motortest.sv(23) File: D:/Documents/Electrical Egneinerineign/thchool/Year 3/Term 2/Digital System Design_robert/Labs/labproject/WIRECUTTER/motortest.sv Line: 23
Info (10041): Inferred latch for "count[1]" at motortest.sv(23) File: D:/Documents/Electrical Egneinerineign/thchool/Year 3/Term 2/Digital System Design_robert/Labs/labproject/WIRECUTTER/motortest.sv Line: 23
Warning (13024): Output pins are stuck at VCC or GND
    Warning (13410): Pin "GPIO_1[0]" is stuck at GND File: D:/Documents/Electrical Egneinerineign/thchool/Year 3/Term 2/Digital System Design_robert/Labs/labproject/WIRECUTTER/labproject.sv Line: 1
    Warning (13410): Pin "GPIO_1[2]" is stuck at GND File: D:/Documents/Electrical Egneinerineign/thchool/Year 3/Term 2/Digital System Design_robert/Labs/labproject/WIRECUTTER/labproject.sv Line: 1
    Warning (13410): Pin "GPIO_1[3]" is stuck at GND File: D:/Documents/Electrical Egneinerineign/thchool/Year 3/Term 2/Digital System Design_robert/Labs/labproject/WIRECUTTER/labproject.sv Line: 1
    Warning (13410): Pin "GPIO_1[4]" is stuck at GND File: D:/Documents/Electrical Egneinerineign/thchool/Year 3/Term 2/Digital System Design_robert/Labs/labproject/WIRECUTTER/labproject.sv Line: 1
    Warning (13410): Pin "GPIO_1[5]" is stuck at GND File: D:/Documents/Electrical Egneinerineign/thchool/Year 3/Term 2/Digital System Design_robert/Labs/labproject/WIRECUTTER/labproject.sv Line: 1
    Warning (13410): Pin "GPIO_1[6]" is stuck at GND File: D:/Documents/Electrical Egneinerineign/thchool/Year 3/Term 2/Digital System Design_robert/Labs/labproject/WIRECUTTER/labproject.sv Line: 1
    Warning (13410): Pin "GPIO_1[7]" is stuck at GND File: D:/Documents/Electrical Egneinerineign/thchool/Year 3/Term 2/Digital System Design_robert/Labs/labproject/WIRECUTTER/labproject.sv Line: 1
    Warning (13410): Pin "GPIO_1[8]" is stuck at GND File: D:/Documents/Electrical Egneinerineign/thchool/Year 3/Term 2/Digital System Design_robert/Labs/labproject/WIRECUTTER/labproject.sv Line: 1
    Warning (13410): Pin "GPIO_1[9]" is stuck at GND File: D:/Documents/Electrical Egneinerineign/thchool/Year 3/Term 2/Digital System Design_robert/Labs/labproject/WIRECUTTER/labproject.sv Line: 1
    Warning (13410): Pin "GPIO_1[10]" is stuck at GND File: D:/Documents/Electrical Egneinerineign/thchool/Year 3/Term 2/Digital System Design_robert/Labs/labproject/WIRECUTTER/labproject.sv Line: 1
    Warning (13410): Pin "GPIO_1[11]" is stuck at GND File: D:/Documents/Electrical Egneinerineign/thchool/Year 3/Term 2/Digital System Design_robert/Labs/labproject/WIRECUTTER/labproject.sv Line: 1
    Warning (13410): Pin "GPIO_1[12]" is stuck at GND File: D:/Documents/Electrical Egneinerineign/thchool/Year 3/Term 2/Digital System Design_robert/Labs/labproject/WIRECUTTER/labproject.sv Line: 1
    Warning (13410): Pin "GPIO_1[13]" is stuck at GND File: D:/Documents/Electrical Egneinerineign/thchool/Year 3/Term 2/Digital System Design_robert/Labs/labproject/WIRECUTTER/labproject.sv Line: 1
    Warning (13410): Pin "GPIO_1[14]" is stuck at GND File: D:/Documents/Electrical Egneinerineign/thchool/Year 3/Term 2/Digital System Design_robert/Labs/labproject/WIRECUTTER/labproject.sv Line: 1
    Warning (13410): Pin "GPIO_1[15]" is stuck at GND File: D:/Documents/Electrical Egneinerineign/thchool/Year 3/Term 2/Digital System Design_robert/Labs/labproject/WIRECUTTER/labproject.sv Line: 1
    Warning (13410): Pin "GPIO_1[16]" is stuck at GND File: D:/Documents/Electrical Egneinerineign/thchool/Year 3/Term 2/Digital System Design_robert/Labs/labproject/WIRECUTTER/labproject.sv Line: 1
    Warning (13410): Pin "GPIO_1[17]" is stuck at GND File: D:/Documents/Electrical Egneinerineign/thchool/Year 3/Term 2/Digital System Design_robert/Labs/labproject/WIRECUTTER/labproject.sv Line: 1
    Warning (13410): Pin "GPIO_1[18]" is stuck at GND File: D:/Documents/Electrical Egneinerineign/thchool/Year 3/Term 2/Digital System Design_robert/Labs/labproject/WIRECUTTER/labproject.sv Line: 1
    Warning (13410): Pin "GPIO_1[19]" is stuck at GND File: D:/Documents/Electrical Egneinerineign/thchool/Year 3/Term 2/Digital System Design_robert/Labs/labproject/WIRECUTTER/labproject.sv Line: 1
    Warning (13410): Pin "GPIO_1[20]" is stuck at GND File: D:/Documents/Electrical Egneinerineign/thchool/Year 3/Term 2/Digital System Design_robert/Labs/labproject/WIRECUTTER/labproject.sv Line: 1
    Warning (13410): Pin "GPIO_1[21]" is stuck at GND File: D:/Documents/Electrical Egneinerineign/thchool/Year 3/Term 2/Digital System Design_robert/Labs/labproject/WIRECUTTER/labproject.sv Line: 1
    Warning (13410): Pin "GPIO_1[22]" is stuck at GND File: D:/Documents/Electrical Egneinerineign/thchool/Year 3/Term 2/Digital System Design_robert/Labs/labproject/WIRECUTTER/labproject.sv Line: 1
    Warning (13410): Pin "GPIO_1[23]" is stuck at GND File: D:/Documents/Electrical Egneinerineign/thchool/Year 3/Term 2/Digital System Design_robert/Labs/labproject/WIRECUTTER/labproject.sv Line: 1
    Warning (13410): Pin "GPIO_1[24]" is stuck at GND File: D:/Documents/Electrical Egneinerineign/thchool/Year 3/Term 2/Digital System Design_robert/Labs/labproject/WIRECUTTER/labproject.sv Line: 1
    Warning (13410): Pin "GPIO_1[25]" is stuck at GND File: D:/Documents/Electrical Egneinerineign/thchool/Year 3/Term 2/Digital System Design_robert/Labs/labproject/WIRECUTTER/labproject.sv Line: 1
    Warning (13410): Pin "GPIO_1[26]" is stuck at GND File: D:/Documents/Electrical Egneinerineign/thchool/Year 3/Term 2/Digital System Design_robert/Labs/labproject/WIRECUTTER/labproject.sv Line: 1
    Warning (13410): Pin "GPIO_1[27]" is stuck at GND File: D:/Documents/Electrical Egneinerineign/thchool/Year 3/Term 2/Digital System Design_robert/Labs/labproject/WIRECUTTER/labproject.sv Line: 1
    Warning (13410): Pin "GPIO_1[28]" is stuck at GND File: D:/Documents/Electrical Egneinerineign/thchool/Year 3/Term 2/Digital System Design_robert/Labs/labproject/WIRECUTTER/labproject.sv Line: 1
    Warning (13410): Pin "GPIO_1[29]" is stuck at GND File: D:/Documents/Electrical Egneinerineign/thchool/Year 3/Term 2/Digital System Design_robert/Labs/labproject/WIRECUTTER/labproject.sv Line: 1
    Warning (13410): Pin "GPIO_1[30]" is stuck at GND File: D:/Documents/Electrical Egneinerineign/thchool/Year 3/Term 2/Digital System Design_robert/Labs/labproject/WIRECUTTER/labproject.sv Line: 1
    Warning (13410): Pin "GPIO_1[31]" is stuck at GND File: D:/Documents/Electrical Egneinerineign/thchool/Year 3/Term 2/Digital System Design_robert/Labs/labproject/WIRECUTTER/labproject.sv Line: 1
    Warning (13410): Pin "GPIO_1[32]" is stuck at GND File: D:/Documents/Electrical Egneinerineign/thchool/Year 3/Term 2/Digital System Design_robert/Labs/labproject/WIRECUTTER/labproject.sv Line: 1
    Warning (13410): Pin "GPIO_1[33]" is stuck at GND File: D:/Documents/Electrical Egneinerineign/thchool/Year 3/Term 2/Digital System Design_robert/Labs/labproject/WIRECUTTER/labproject.sv Line: 1
    Warning (13410): Pin "GPIO_1[34]" is stuck at GND File: D:/Documents/Electrical Egneinerineign/thchool/Year 3/Term 2/Digital System Design_robert/Labs/labproject/WIRECUTTER/labproject.sv Line: 1
    Warning (13410): Pin "GPIO_1[35]" is stuck at GND File: D:/Documents/Electrical Egneinerineign/thchool/Year 3/Term 2/Digital System Design_robert/Labs/labproject/WIRECUTTER/labproject.sv Line: 1
Info (286030): Timing-Driven Synthesis is running
Info (144001): Generated suppressed messages file D:/Documents/Electrical Egneinerineign/thchool/Year 3/Term 2/Digital System Design_robert/Labs/labproject/WIRECUTTER/output_files/labproject.map.smsg
Info (16010): Generating hard_block partition "hard_block:auto_generated_inst"
    Info (16011): Adding 3 node(s), including 0 DDIO, 1 PLL, 0 transceiver and 0 LCELL
Warning: RST port on the PLL is not properly connected on instance pll:pll0|altpll:altpll_component|lab1clk_altpll:auto_generated|generic_pll1. The reset port on the PLL should be connected. If the PLL loses lock for any reason, you might need to manually reset the PLL in order to re-establish lock to the reference clock. File: D:/Documents/Electrical Egneinerineign/thchool/Year 3/Term 2/Digital System Design_robert/Labs/labproject/WIRECUTTER/db/lab1clk_altpll.v Line: 61
    Info: Must be connected
Info (21057): Implemented 248 device resources after synthesis - the final resource count might be different
    Info (21058): Implemented 6 input pins
    Info (21059): Implemented 41 output pins
    Info (21061): Implemented 200 logic cells
    Info (21065): Implemented 1 PLLs
Info: Quartus Prime Analysis & Synthesis was successful. 0 errors, 42 warnings
    Info: Peak virtual memory: 4844 megabytes
    Info: Processing ended: Mon Apr 10 20:54:05 2023
    Info: Elapsed time: 00:00:17
    Info: Total CPU time (on all processors): 00:00:16


+------------------------------------------+
; Analysis & Synthesis Suppressed Messages ;
+------------------------------------------+
The suppressed messages can be found in D:/Documents/Electrical Egneinerineign/thchool/Year 3/Term 2/Digital System Design_robert/Labs/labproject/WIRECUTTER/output_files/labproject.map.smsg.


